counter.jsx:14 Objectchildren: $$typeof: Symbol(react.element)key: nullprops: children: "Title"__proto__: constructor: ƒ Object()hasOwnProperty: ƒ hasOwnProperty()isPrototypeOf: ƒ isPrototypeOf()propertyIsEnumerable: ƒ propertyIsEnumerable()toLocaleString: ƒ toLocaleString()toString: ƒ toString()valueOf: ƒ valueOf()__defineGetter__: ƒ __defineGetter__()__defineSetter__: ƒ __defineSetter__()__lookupGetter__: ƒ __lookupGetter__()__lookupSetter__: ƒ __lookupSetter__()get __proto__: ƒ __proto__()set __proto__: ƒ __proto__()ref: nulltype: "h4"_owner: FiberNode {tag: 2, key: null, type: ƒ, stateNode: Counters, return: FiberNode, …}_store: {validated: true}_self: Counters {props: {…}, context: {…}, refs: {…}, updater: {…}, state: {…}, …}_source: {fileName: "D:\Durg_Technologics\gapps\React4itiSS\REactApp4itiSS\itis-app1\src\components\counters.jsx", lineNumber: 18}__proto__: Objectvalue: 4key: (...)get key: ƒ ()isReactWarning: truearguments: (...)caller: (...)length: 0name: "warnAboutAccessingKey"prototype: {constructor: ƒ}__proto__: ƒ ()[[FunctionLocation]]: react.development.js:397[[Scopes]]: Scopes[4]__proto__: constructor: ƒ Object()hasOwnProperty: ƒ hasOwnProperty()isPrototypeOf: ƒ isPrototypeOf()propertyIsEnumerable: ƒ propertyIsEnumerable()toLocaleString: ƒ toLocaleString()toString: ƒ toString()valueOf: ƒ valueOf()__defineGetter__: ƒ __defineGetter__()__defineSetter__: ƒ __defineSetter__()__lookupGetter__: ƒ __lookupGetter__()__lookupSetter__: ƒ __lookupSetter__()get __proto__: ƒ __proto__()set __proto__: ƒ __proto__()
counter.jsx:14 Objectchildren: {$$typeof: Symbol(react.element), type: "h4", key: null, ref: null, props: {…}, …}value: 0key: (...)get key: ƒ ()__proto__: Object
counter.jsx:14 Objectchildren: {$$typeof: Symbol(react.element), type: "h4", key: null, ref: null, props: {…}, …}value: 0key: (...)get key: ƒ ()__proto__: Object
counter.jsx:14 Objectchildren: {$$typeof: Symbol(react.element), type: "h4", key: null, ref: null, props: {…}, …}value: 0key: (...)get key: ƒ ()isReactWarning: truearguments: (...)caller: (...)length: 0name: "warnAboutAccessingKey"prototype: {constructor: ƒ}__proto__: ƒ ()[[FunctionLocation]]: react.development.js:397[[Scopes]]: Scopes[4]__proto__: constructor: ƒ Object()hasOwnProperty: ƒ hasOwnProperty()isPrototypeOf: ƒ isPrototypeOf()propertyIsEnumerable: ƒ propertyIsEnumerable()toLocaleString: ƒ toLocaleString()toString: ƒ toString()valueOf: ƒ valueOf()__defineGetter__: ƒ __defineGetter__()__defineSetter__: ƒ __defineSetter__()__lookupGetter__: ƒ __lookupGetter__()__lookupSetter__: ƒ __lookupSetter__()get __proto__: ƒ __proto__()set __proto__: ƒ __proto__()




//////////////////////////////////////////complete NavBar App-1

GaNiS@DESKTOP-EMRFFNL MINGW64 /d/Durg_Technologics/gapps/React4itiSS/REactApp4itiSS/itis-app1
$ npm start

> itis-app1@0.1.0 start D:\Durg_Technologics\gapps\React4itiSS\REactApp4itiSS\itis-app1
> react-scripts start

Starting the development server...

Compiled successfully!

You can now view itis-app1 in the browser.

  http://localhost:3000/

Note that the development build is not optimized.
To create a production build, use npm run build.

Compiling...
Compiled successfully!
Compiling...
Failed to compile.

./src/components/counters.jsx
  Line 17:  Import in body of module; reorder to top  import/first

Search for the keywords to learn more about each error.
Compiling...
Compiled successfully!
Compiling...
Compiled successfully!
Compiling...
Compiled successfully!
Compiling...
Compiled successfully!
Compiling...
Compiled successfully!
Compiling...
Failed to compile.

./src/components/counters.jsx
  Line 17:  'tru' is not defined  no-undef

Search for the keywords to learn more about each error.
Compiling...
Failed to compile.

./src/components/counters.jsx
  Line 17:  'tru' is not defined  no-undef

Search for the keywords to learn more about each error.
Compiling...
Compiled successfully!
Compiling...
Compiled successfully!
Compiling...
Compiled successfully!
Compiling...
Compiled successfully!
Compiling...
Compiled successfully!
Compiling...
Compiled successfully!
Compiling...
Compiled successfully!
Compiling...
Compiled successfully!
Compiling...
Compiled successfully!
Compiling...
Compiled successfully!
Compiling...
Compiled successfully!
Compiling...
Compiled successfully!
Compiling...
Compiled successfully!
Compiling...
Compiled successfully!
Compiling...
Compiled successfully!
Compiling...
Compiled successfully!
Compiling...
Compiled successfully!
Compiling...
Compiled with warnings.

./src/components/counter.jsx
  Line 18:  Headings must have content and the content must be accessible by a screen reader  jsx-a11y/heading-has-content

Search for the keywords to learn more about each warning.
To ignore, add // eslint-disable-next-line to the line before.

Compiling...
Compiled with warnings.

./src/components/counter.jsx
  Line 18:  Headings must have content and the content must be accessible by a screen reader  jsx-a11y/heading-has-content

Search for the keywords to learn more about each warning.
To ignore, add // eslint-disable-next-line to the line before.

Compiling...
Compiled successfully!
Compiling...
Compiled successfully!
Compiling...
Compiled successfully!
Compiling...
Compiled successfully!
Compiling...
Compiled successfully!
Compiling...
Compiled successfully!
Compiling...
Compiled successfully!
Compiling...
Compiled successfully!
Compiling...
Compiled successfully!
Compiling...
Compiled successfully!
Compiling...
Failed to compile.

./src/components/counter.jsx
  Line 26:  'handleDelete' is not defined  no-undef

Search for the keywords to learn more about each error.
Compiling...
Failed to compile.

./src/components/counter.jsx
  Line 26:  'handleDelete' is not defined  no-undef

Search for the keywords to learn more about each error.
Compiling...
Failed to compile.

./src/components/counter.jsx
  Line 26:  'handleDelete' is not defined  no-undef

Search for the keywords to learn more about each error.
Compiling...
Compiled successfully!
Compiling...
Compiled successfully!
Compiling...
Compiled successfully!
Compiling...
Compiled successfully!
Compiling...
Compiled successfully!
Compiling...
Compiled successfully!
Compiling...
Compiled successfully!
Compiling...
Compiled successfully!
Compiling...
Compiled with warnings.

./src/components/counters.jsx
  Line 15:  'counters' is assigned a value but never used  no-unused-vars

Search for the keywords to learn more about each warning.
To ignore, add // eslint-disable-next-line to the line before.

Compiling...
Compiled successfully!
Compiling...
Compiled successfully!
Compiling...
Compiled successfully!
Compiling...
Compiled successfully!
Compiling...
Compiled successfully!
Compiling...
Compiled successfully!
Compiling...
Compiled successfully!
Compiling...
Compiled successfully!
Compiling...
Compiled successfully!
Compiling...
Compiled successfully!
Compiling...
Compiled successfully!
Compiling...
Compiled successfully!
Compiling...
Compiled successfully!
Compiling...
Compiled successfully!
Compiling...
Compiled successfully!
Compiling...
Failed to compile.

./src/components/counters.jsx
  Line 22:  'handleReset' is not defined  no-undef

Search for the keywords to learn more about each error.
Compiling...
Failed to compile.

./src/components/counters.jsx
Syntax error: D:/Durg_Technologics/gapps/React4itiSS/REactApp4itiSS/itis-app1/src/components/counters.jsx: Unexpected token (15:49)

  13 |
  14 |   handleReset = () => {
> 15 |     const counters = this.state.counters.map(c = > {
     |                                                  ^
  16 |       c.value = 0;
  17 |       return c;
  18 |     });
Compiling...
Failed to compile.

./src/components/counters.jsx
Syntax error: D:/Durg_Technologics/gapps/React4itiSS/REactApp4itiSS/itis-app1/src/components/counters.jsx: Unexpected token (15:49)

  13 |
  14 |   handleReset = () => {
> 15 |     const counters = this.state.counters.map(c = > {
     |                                                  ^
  16 |       c.value = 0;
  17 |       return c;
  18 |     });
Compiling...
Failed to compile.

./src/components/counters.jsx
  Line 19:  'counters' is not defined  no-undef

Search for the keywords to learn more about each error.
Compiling...
Compiled successfully!
Compiling...
Compiled successfully!
Compiling...
Compiled successfully!
Compiling...
Compiled successfully!
Compiling...
Compiled successfully!
Compiling...
Compiled successfully!
Compiling...
Compiled successfully!
Compiling...
Compiled successfully!
Compiling...
Compiled successfully!
Compiling...
Compiled successfully!
Compiling...
Compiled successfully!
Compiling...
Compiled with warnings.

./src/components/counters.jsx
  Line 16:  'counters' is assigned a value but never used  no-unused-vars

Search for the keywords to learn more about each warning.
To ignore, add // eslint-disable-next-line to the line before.

Compiling...
Compiled successfully!
Compiling...
Compiled successfully!
Compiling...
Compiled with warnings.

./src/components/counters.jsx
  Line 17:  'index' is assigned a value but never used  no-unused-vars

Search for the keywords to learn more about each warning.
To ignore, add // eslint-disable-next-line to the line before.

Compiling...
Compiled successfully!
Compiling...
Compiled successfully!
Compiling...
Compiled successfully!
Compiling...
Compiled successfully!
Compiling...
Compiled successfully!
Compiling...
Compiled successfully!
Compiling...
Compiled successfully!
Compiling...
Compiled successfully!
Compiling...
Compiled with warnings.

./src/index.js
  Line 7:  'Counters' is defined but never used  no-unused-vars

Search for the keywords to learn more about each warning.
To ignore, add // eslint-disable-next-line to the line before.

Compiling...
Failed to compile.

./src/App.js
Syntax error: D:/Durg_Technologics/gapps/React4itiSS/REactApp4itiSS/itis-app1/src/App.js: Unexpected token (9:4)

   7 |     return (
   8 |
>  9 |     );
     |     ^
  10 |   }
  11 | }
  12 |
Compiling...
Failed to compile.

./src/App.js
Syntax error: D:/Durg_Technologics/gapps/React4itiSS/REactApp4itiSS/itis-app1/src/App.js: Adjacent JSX elements must be wrapped in an enclosing tag (9:6)

   7 |     return (
   8 |       <NavBar />
>  9 |       <main className="container">
     |       ^
  10 |
  11 |       </main>
  12 |     );
Compiling...
Failed to compile.

./src/App.js
Syntax error: D:/Durg_Technologics/gapps/React4itiSS/REactApp4itiSS/itis-app1/src/App.js: Adjacent JSX elements must be wrapped in an enclosing tag (9:6)

   7 |     return (
   8 |       <NavBar />
>  9 |       <main className="container">
     |       ^
  10 |
  11 |       </main>
  12 |     );
Compiling...
Failed to compile.

./src/App.js
Syntax error: D:/Durg_Technologics/gapps/React4itiSS/REactApp4itiSS/itis-app1/src/App.js: Adjacent JSX elements must be wrapped in an enclosing tag (10:6)

   8 |     return (
   9 |       <NavBar />
> 10 |       <main className="container">
     |       ^
  11 |       <Counters/>
  12 |       </main>
  13 |     );
Compiling...
Failed to compile.

./src/App.js
Syntax error: D:/Durg_Technologics/gapps/React4itiSS/REactApp4itiSS/itis-app1/src/App.js: Adjacent JSX elements must be wrapped in an enclosing tag (10:6)

   8 |     return (
   9 |       <NavBar />
> 10 |       <main className="container">
     |       ^
  11 |         <Counters />
  12 |       </main>
  13 |     );
Compiling...
Compiled with warnings.

./src/components/navbar.jsx
  Line 7:  Links must not point to "#". Use a more descriptive href or use a button instead  jsx-a11y/href-no-hash

Search for the keywords to learn more about each warning.
To ignore, add // eslint-disable-next-line to the line before.

Compiling...
Compiled with warnings.

./src/components/navbar.jsx
  Line 7:  Links must not point to "#". Use a more descriptive href or use a button instead  jsx-a11y/href-no-hash

Search for the keywords to learn more about each warning.
To ignore, add // eslint-disable-next-line to the line before.

Compiling...
Compiled with warnings.

./src/components/navbar.jsx
  Line 7:  Links must not point to "#". Use a more descriptive href or use a button instead  jsx-a11y/href-no-hash

Search for the keywords to learn more about each warning.
To ignore, add // eslint-disable-next-line to the line before.

Compiling...
Compiled with warnings.

./src/components/navbar.jsx
  Line 7:  Links must not point to "#". Use a more descriptive href or use a button instead  jsx-a11y/href-no-hash

Search for the keywords to learn more about each warning.
To ignore, add // eslint-disable-next-line to the line before.

Compiling...
Compiled with warnings.

./src/components/navbar.jsx
  Line 7:  Links must not point to "#". Use a more descriptive href or use a button instead  jsx-a11y/href-no-hash

Search for the keywords to learn more about each warning.
To ignore, add // eslint-disable-next-line to the line before.

Compiling...
Compiled with warnings.

./src/components/navbar.jsx
  Line 7:  Links must not point to "#". Use a more descriptive href or use a button instead  jsx-a11y/href-no-hash

Search for the keywords to learn more about each warning.
To ignore, add // eslint-disable-next-line to the line before.

Compiling...
Compiled with warnings.

./src/components/navbar.jsx
  Line 7:  Links must not point to "#". Use a more descriptive href or use a button instead  jsx-a11y/href-no-hash

Search for the keywords to learn more about each warning.
To ignore, add // eslint-disable-next-line to the line before.

Compiling...
Compiled with warnings.

./src/components/navbar.jsx
  Line 7:  Links must not point to "#". Use a more descriptive href or use a button instead  jsx-a11y/href-no-hash

Search for the keywords to learn more about each warning.
To ignore, add // eslint-disable-next-line to the line before.

Compiling...
Compiled with warnings.

./src/components/navbar.jsx
  Line 7:  Links must not point to "#". Use a more descriptive href or use a button instead  jsx-a11y/href-no-hash

Search for the keywords to learn more about each warning.
To ignore, add // eslint-disable-next-line to the line before.

Compiling...
Compiled with warnings.

./src/components/navbar.jsx
  Line 7:  Links must not point to "#". Use a more descriptive href or use a button instead  jsx-a11y/href-no-hash

Search for the keywords to learn more about each warning.
To ignore, add // eslint-disable-next-line to the line before.

Compiling...
Compiled with warnings.

./src/components/navbar.jsx
  Line 7:  Links must not point to "#". Use a more descriptive href or use a button instead  jsx-a11y/href-no-hash

Search for the keywords to learn more about each warning.
To ignore, add // eslint-disable-next-line to the line before.

Compiling...
Compiled with warnings.

./src/components/navbar.jsx
  Line 7:  Links must not point to "#". Use a more descriptive href or use a button instead  jsx-a11y/href-no-hash

Search for the keywords to learn more about each warning.
To ignore, add // eslint-disable-next-line to the line before.

Compiling...
Compiled with warnings.

./src/components/navbar.jsx
  Line 7:  Links must not point to "#". Use a more descriptive href or use a button instead  jsx-a11y/href-no-hash

Search for the keywords to learn more about each warning.
To ignore, add // eslint-disable-next-line to the line before.

Compiling...
Failed to compile.

./src/components/navbar.jsx
  Line 17:  Your render method should have return statement  react/require-render-return

Search for the keywords to learn more about each error.
Compiling...
Compiled with warnings.

./src/components/navbar.jsx
  Line 1:  'Component' is defined but never used                                             no-unused-vars
  Line 7:  Links must not point to "#". Use a more descriptive href or use a button instead  jsx-a11y/href-no-hash

Search for the keywords to learn more about each warning.
To ignore, add // eslint-disable-next-line to the line before.

Compiling...
Compiled with warnings.

./src/components/navbar.jsx
  Line 1:  'Component' is defined but never used                                             no-unused-vars
  Line 7:  Links must not point to "#". Use a more descriptive href or use a button instead  jsx-a11y/href-no-hash

Search for the keywords to learn more about each warning.
To ignore, add // eslint-disable-next-line to the line before.

Compiling...
Compiled with warnings.

./src/components/navbar.jsx
  Line 1:  'Component' is defined but never used                                             no-unused-vars
  Line 7:  Links must not point to "#". Use a more descriptive href or use a button instead  jsx-a11y/href-no-hash

Search for the keywords to learn more about each warning.
To ignore, add // eslint-disable-next-line to the line before.

Compiling...
Compiled with warnings.

./src/components/navbar.jsx
  Line 1:  'Component' is defined but never used                                             no-unused-vars
  Line 7:  Links must not point to "#". Use a more descriptive href or use a button instead  jsx-a11y/href-no-hash

Search for the keywords to learn more about each warning.
To ignore, add // eslint-disable-next-line to the line before.

Compiling...
Compiled with warnings.

./src/components/navbar.jsx
  Line 1:  'Component' is defined but never used                                             no-unused-vars
  Line 7:  Links must not point to "#". Use a more descriptive href or use a button instead  jsx-a11y/href-no-hash

Search for the keywords to learn more about each warning.
To ignore, add // eslint-disable-next-line to the line before.

Compiling...
Compiled with warnings.

./src/components/navbar.jsx
  Line 1:  'Component' is defined but never used                                             no-unused-vars
  Line 7:  Links must not point to "#". Use a more descriptive href or use a button instead  jsx-a11y/href-no-hash

Search for the keywords to learn more about each warning.
To ignore, add // eslint-disable-next-line to the line before.

Compiling...
Compiled with warnings.

./src/components/navbar.jsx
  Line 1:  'Component' is defined but never used                                             no-unused-vars
  Line 7:  Links must not point to "#". Use a more descriptive href or use a button instead  jsx-a11y/href-no-hash

Search for the keywords to learn more about each warning.
To ignore, add // eslint-disable-next-line to the line before.

Compiling...
Compiled with warnings.

./src/components/navbar.jsx
  Line 1:  'Component' is defined but never used  no-unused-vars

Search for the keywords to learn more about each warning.
To ignore, add // eslint-disable-next-line to the line before.

Compiling...
Compiled with warnings.

./src/components/navbar.jsx
  Line 1:  'Component' is defined but never used  no-unused-vars

Search for the keywords to learn more about each warning.
To ignore, add // eslint-disable-next-line to the line before.

Compiling...
Compiled with warnings.

./src/components/navbar.jsx
  Line 1:  'Component' is defined but never used  no-unused-vars

Search for the keywords to learn more about each warning.
To ignore, add // eslint-disable-next-line to the line before.

Compiling...
Compiled with warnings.

./src/components/navbar.jsx
  Line 1:  'Component' is defined but never used                                             no-unused-vars
  Line 7:  Links must not point to "#". Use a more descriptive href or use a button instead  jsx-a11y/href-no-hash

Search for the keywords to learn more about each warning.
To ignore, add // eslint-disable-next-line to the line before.

Compiling...
Compiled with warnings.

./src/components/navbar.jsx
  Line 1:  'Component' is defined but never used  no-unused-vars

Search for the keywords to learn more about each warning.
To ignore, add // eslint-disable-next-line to the line before.

Compiling...
Compiled with warnings.

./src/components/navbar.jsx
  Line 1:  'Component' is defined but never used  no-unused-vars

Search for the keywords to learn more about each warning.
To ignore, add // eslint-disable-next-line to the line before.

Compiling...
Compiled with warnings.

./src/components/navbar.jsx
  Line 1:  'Component' is defined but never used  no-unused-vars

Search for the keywords to learn more about each warning.
To ignore, add // eslint-disable-next-line to the line before.

Compiling...
Compiled with warnings.

./src/components/navbar.jsx
  Line 1:  'Component' is defined but never used  no-unused-vars

Search for the keywords to learn more about each warning.
To ignore, add // eslint-disable-next-line to the line before.

Compiling...
Compiled with warnings.

./src/components/navbar.jsx
  Line 1:  'Component' is defined but never used  no-unused-vars

Search for the keywords to learn more about each warning.
To ignore, add // eslint-disable-next-line to the line before.

Compiling...
Compiled with warnings.

./src/components/navbar.jsx
  Line 1:  'Component' is defined but never used  no-unused-vars

Search for the keywords to learn more about each warning.
To ignore, add // eslint-disable-next-line to the line before.

Compiling...
Compiled with warnings.

./src/components/navbar.jsx
  Line 1:  'Component' is defined but never used  no-unused-vars

Search for the keywords to learn more about each warning.
To ignore, add // eslint-disable-next-line to the line before.

Compiling...
Compiled with warnings.

./src/components/navbar.jsx
  Line 1:  'Component' is defined but never used  no-unused-vars

Search for the keywords to learn more about each warning.
To ignore, add // eslint-disable-next-line to the line before.

Compiling...
Compiled with warnings.

./src/components/navbar.jsx
  Line 1:  'Component' is defined but never used  no-unused-vars

Search for the keywords to learn more about each warning.
To ignore, add // eslint-disable-next-line to the line before.

Compiling...
Compiled with warnings.

./src/components/navbar.jsx
  Line 1:  'Component' is defined but never used  no-unused-vars

Search for the keywords to learn more about each warning.
To ignore, add // eslint-disable-next-line to the line before.

Compiling...
Compiled with warnings.

./src/components/navbar.jsx
  Line 1:  'Component' is defined but never used  no-unused-vars

Search for the keywords to learn more about each warning.
To ignore, add // eslint-disable-next-line to the line before.

Compiling...
Compiled with warnings.

./src/components/navbar.jsx
  Line 1:  'Component' is defined but never used  no-unused-vars

Search for the keywords to learn more about each warning.
To ignore, add // eslint-disable-next-line to the line before.

Compiling...
Compiled with warnings.

./src/components/navbar.jsx
  Line 1:  'Component' is defined but never used  no-unused-vars

Search for the keywords to learn more about each warning.
To ignore, add // eslint-disable-next-line to the line before.

Compiling...
Compiled with warnings.

./src/components/navbar.jsx
  Line 1:  'Component' is defined but never used  no-unused-vars

Search for the keywords to learn more about each warning.
To ignore, add // eslint-disable-next-line to the line before.

Compiling...
Compiled with warnings.

./src/components/navbar.jsx
  Line 1:  'Component' is defined but never used  no-unused-vars

Search for the keywords to learn more about each warning.
To ignore, add // eslint-disable-next-line to the line before.

Compiling...
Compiled with warnings.

./src/components/navbar.jsx
  Line 1:  'Component' is defined but never used  no-unused-vars

Search for the keywords to learn more about each warning.
To ignore, add // eslint-disable-next-line to the line before.

Compiling...
Compiled with warnings.

./src/components/navbar.jsx
  Line 1:  'Component' is defined but never used  no-unused-vars

Search for the keywords to learn more about each warning.
To ignore, add // eslint-disable-next-line to the line before.

Compiling...
Compiled with warnings.

./src/components/navbar.jsx
  Line 1:  'Component' is defined but never used  no-unused-vars

Search for the keywords to learn more about each warning.
To ignore, add // eslint-disable-next-line to the line before.

Compiling...
Compiled with warnings.

./src/components/navbar.jsx
  Line 1:  'Component' is defined but never used  no-unused-vars

Search for the keywords to learn more about each warning.
To ignore, add // eslint-disable-next-line to the line before.

Compiling...
Compiled with warnings.

./src/components/counters.jsx
  Line 13:  'onDecrement' is assigned a value but never used  no-unused-vars

./src/components/navbar.jsx
  Line 1:  'Component' is defined but never used  no-unused-vars

Search for the keywords to learn more about each warning.
To ignore, add // eslint-disable-next-line to the line before.

Compiling...
Compiled with warnings.

./src/components/navbar.jsx
  Line 1:  'Component' is defined but never used  no-unused-vars

Search for the keywords to learn more about each warning.
To ignore, add // eslint-disable-next-line to the line before.


Compiling...
Compiled with warnings.

./src/components/navbar.jsx
  Line 1:  'Component' is defined but never used  no-unused-vars

Search for the keywords to learn more about each warning.
To ignore, add // eslint-disable-next-line to the line before.

Compiling...
Compiled with warnings.

./src/components/navbar.jsx
  Line 1:  'Component' is defined but never used  no-unused-vars

Search for the keywords to learn more about each warning.
To ignore, add // eslint-disable-next-line to the line before.

Compiling...
Compiled with warnings.

./src/components/navbar.jsx
  Line 1:  'Component' is defined but never used  no-unused-vars

Search for the keywords to learn more about each warning.
To ignore, add // eslint-disable-next-line to the line before.

Compiling...
Compiled with warnings.

./src/components/navbar.jsx
  Line 1:  'Component' is defined but never used  no-unused-vars

Search for the keywords to learn more about each warning.
To ignore, add // eslint-disable-next-line to the line before.

Compiling...
Compiled with warnings.

./src/components/navbar.jsx
  Line 1:  'Component' is defined but never used  no-unused-vars

Search for the keywords to learn more about each warning.
To ignore, add // eslint-disable-next-line to the line before.

Compiling...
Compiled with warnings.

./src/components/navbar.jsx
  Line 1:  'Component' is defined but never used  no-unused-vars

Search for the keywords to learn more about each warning.
To ignore, add // eslint-disable-next-line to the line before.

Compiling...
Compiled with warnings.

./src/components/navbar.jsx
  Line 1:  'Component' is defined but never used  no-unused-vars

Search for the keywords to learn more about each warning.
To ignore, add // eslint-disable-next-line to the line before.

Compiling...
Compiled with warnings.

./src/components/navbar.jsx
  Line 1:  'Component' is defined but never used  no-unused-vars

Search for the keywords to learn more about each warning.
To ignore, add // eslint-disable-next-line to the line before.

Compiling...
Compiled with warnings.

./src/components/navbar.jsx
  Line 1:  'Component' is defined but never used  no-unused-vars

Search for the keywords to learn more about each warning.
To ignore, add // eslint-disable-next-line to the line before.

Compiling...
Compiled with warnings.

./src/components/navbar.jsx
  Line 1:  'Component' is defined but never used  no-unused-vars

Search for the keywords to learn more about each warning.
To ignore, add // eslint-disable-next-line to the line before.

Compiling...
Compiled with warnings.

./src/components/navbar.jsx
  Line 1:  'Component' is defined but never used  no-unused-vars

Search for the keywords to learn more about each warning.
To ignore, add // eslint-disable-next-line to the line before.

Compiling...
Compiled with warnings.

./src/components/navbar.jsx
  Line 1:  'Component' is defined but never used  no-unused-vars

Search for the keywords to learn more about each warning.
To ignore, add // eslint-disable-next-line to the line before.

Compiling...
Compiled with warnings.

./src/components/navbar.jsx
  Line 1:  'Component' is defined but never used  no-unused-vars

Search for the keywords to learn more about each warning.
To ignore, add // eslint-disable-next-line to the line before.

Compiling...
Compiled with warnings.

./src/components/navbar.jsx
  Line 1:  'Component' is defined but never used  no-unused-vars

Search for the keywords to learn more about each warning.
To ignore, add // eslint-disable-next-line to the line before.

Compiling...
Compiled with warnings.

./src/components/navbar.jsx
  Line 1:  'Component' is defined but never used  no-unused-vars

Search for the keywords to learn more about each warning.
To ignore, add // eslint-disable-next-line to the line before.

Compiling...
Compiled with warnings.

./src/components/navbar.jsx
  Line 1:  'Component' is defined but never used  no-unused-vars

Search for the keywords to learn more about each warning.
To ignore, add // eslint-disable-next-line to the line before.

^CTerminate batch job (Y/N)? y

GaNiS@DESKTOP-EMRFFNL MINGW64 /d/Durg_Technologics/gapps/React4itiSS/REactApp4itiSS/itis-app1
$ y
bash: y: command not found

GaNiS@DESKTOP-EMRFFNL MINGW64 /d/Durg_Technologics/gapps/React4itiSS/REactApp4itiSS/itis-app1
$ exit

